[2024-09-14T05:30:51.795+0000] {processor.py:186} INFO - Started process (PID=21223) to work on /opt/airflow/dags/newEcomDag.py
[2024-09-14T05:30:51.796+0000] {processor.py:914} INFO - Processing file /opt/airflow/dags/newEcomDag.py for tasks to queue
[2024-09-14T05:30:51.799+0000] {logging_mixin.py:190} INFO - [2024-09-14T05:30:51.799+0000] {dagbag.py:587} INFO - Filling up the DagBag from /opt/airflow/dags/newEcomDag.py
[2024-09-14T05:30:51.919+0000] {processor.py:925} INFO - DAG(s) 's3_to_kafka_v4' retrieved from /opt/airflow/dags/newEcomDag.py
[2024-09-14T05:30:51.949+0000] {logging_mixin.py:190} INFO - [2024-09-14T05:30:51.949+0000] {dag.py:3211} INFO - Sync 1 DAGs
[2024-09-14T05:30:51.966+0000] {logging_mixin.py:190} INFO - [2024-09-14T05:30:51.966+0000] {dag.py:4138} INFO - Setting next_dagrun for s3_to_kafka_v4 to None, run_after=None
[2024-09-14T05:30:51.985+0000] {processor.py:208} INFO - Processing /opt/airflow/dags/newEcomDag.py took 0.204 seconds
[2024-09-14T05:31:22.169+0000] {processor.py:186} INFO - Started process (PID=21230) to work on /opt/airflow/dags/newEcomDag.py
[2024-09-14T05:31:22.171+0000] {processor.py:914} INFO - Processing file /opt/airflow/dags/newEcomDag.py for tasks to queue
[2024-09-14T05:31:22.173+0000] {logging_mixin.py:190} INFO - [2024-09-14T05:31:22.173+0000] {dagbag.py:587} INFO - Filling up the DagBag from /opt/airflow/dags/newEcomDag.py
[2024-09-14T05:31:22.295+0000] {processor.py:925} INFO - DAG(s) 's3_to_kafka_v4' retrieved from /opt/airflow/dags/newEcomDag.py
[2024-09-14T05:31:22.326+0000] {logging_mixin.py:190} INFO - [2024-09-14T05:31:22.325+0000] {dag.py:3211} INFO - Sync 1 DAGs
[2024-09-14T05:31:22.345+0000] {logging_mixin.py:190} INFO - [2024-09-14T05:31:22.345+0000] {dag.py:4138} INFO - Setting next_dagrun for s3_to_kafka_v4 to None, run_after=None
[2024-09-14T05:31:22.365+0000] {processor.py:208} INFO - Processing /opt/airflow/dags/newEcomDag.py took 0.211 seconds
[2024-09-14T05:31:52.559+0000] {processor.py:186} INFO - Started process (PID=21237) to work on /opt/airflow/dags/newEcomDag.py
[2024-09-14T05:31:52.560+0000] {processor.py:914} INFO - Processing file /opt/airflow/dags/newEcomDag.py for tasks to queue
[2024-09-14T05:31:52.563+0000] {logging_mixin.py:190} INFO - [2024-09-14T05:31:52.563+0000] {dagbag.py:587} INFO - Filling up the DagBag from /opt/airflow/dags/newEcomDag.py
[2024-09-14T05:31:52.685+0000] {processor.py:925} INFO - DAG(s) 's3_to_kafka_v4' retrieved from /opt/airflow/dags/newEcomDag.py
[2024-09-14T05:31:52.717+0000] {logging_mixin.py:190} INFO - [2024-09-14T05:31:52.717+0000] {dag.py:3211} INFO - Sync 1 DAGs
[2024-09-14T05:31:52.735+0000] {logging_mixin.py:190} INFO - [2024-09-14T05:31:52.735+0000] {dag.py:4138} INFO - Setting next_dagrun for s3_to_kafka_v4 to None, run_after=None
[2024-09-14T05:31:52.754+0000] {processor.py:208} INFO - Processing /opt/airflow/dags/newEcomDag.py took 0.217 seconds
[2024-09-14T05:32:22.899+0000] {processor.py:186} INFO - Started process (PID=21244) to work on /opt/airflow/dags/newEcomDag.py
[2024-09-14T05:32:22.901+0000] {processor.py:914} INFO - Processing file /opt/airflow/dags/newEcomDag.py for tasks to queue
[2024-09-14T05:32:22.903+0000] {logging_mixin.py:190} INFO - [2024-09-14T05:32:22.903+0000] {dagbag.py:587} INFO - Filling up the DagBag from /opt/airflow/dags/newEcomDag.py
[2024-09-14T05:32:23.024+0000] {processor.py:925} INFO - DAG(s) 's3_to_kafka_v4' retrieved from /opt/airflow/dags/newEcomDag.py
[2024-09-14T05:32:23.054+0000] {logging_mixin.py:190} INFO - [2024-09-14T05:32:23.054+0000] {dag.py:3211} INFO - Sync 1 DAGs
[2024-09-14T05:32:23.072+0000] {logging_mixin.py:190} INFO - [2024-09-14T05:32:23.071+0000] {dag.py:4138} INFO - Setting next_dagrun for s3_to_kafka_v4 to None, run_after=None
[2024-09-14T05:32:23.093+0000] {processor.py:208} INFO - Processing /opt/airflow/dags/newEcomDag.py took 0.209 seconds
[2024-09-14T05:32:53.276+0000] {processor.py:186} INFO - Started process (PID=21251) to work on /opt/airflow/dags/newEcomDag.py
[2024-09-14T05:32:53.277+0000] {processor.py:914} INFO - Processing file /opt/airflow/dags/newEcomDag.py for tasks to queue
[2024-09-14T05:32:53.280+0000] {logging_mixin.py:190} INFO - [2024-09-14T05:32:53.280+0000] {dagbag.py:587} INFO - Filling up the DagBag from /opt/airflow/dags/newEcomDag.py
[2024-09-14T05:32:53.399+0000] {processor.py:925} INFO - DAG(s) 's3_to_kafka_v4' retrieved from /opt/airflow/dags/newEcomDag.py
[2024-09-14T05:32:53.429+0000] {logging_mixin.py:190} INFO - [2024-09-14T05:32:53.429+0000] {dag.py:3211} INFO - Sync 1 DAGs
[2024-09-14T05:32:53.446+0000] {logging_mixin.py:190} INFO - [2024-09-14T05:32:53.446+0000] {dag.py:4138} INFO - Setting next_dagrun for s3_to_kafka_v4 to None, run_after=None
[2024-09-14T05:32:53.465+0000] {processor.py:208} INFO - Processing /opt/airflow/dags/newEcomDag.py took 0.203 seconds
[2024-09-14T05:33:23.618+0000] {processor.py:186} INFO - Started process (PID=21258) to work on /opt/airflow/dags/newEcomDag.py
[2024-09-14T05:33:23.620+0000] {processor.py:914} INFO - Processing file /opt/airflow/dags/newEcomDag.py for tasks to queue
[2024-09-14T05:33:23.622+0000] {logging_mixin.py:190} INFO - [2024-09-14T05:33:23.622+0000] {dagbag.py:587} INFO - Filling up the DagBag from /opt/airflow/dags/newEcomDag.py
[2024-09-14T05:33:23.745+0000] {processor.py:925} INFO - DAG(s) 's3_to_kafka_v4' retrieved from /opt/airflow/dags/newEcomDag.py
[2024-09-14T05:33:23.775+0000] {logging_mixin.py:190} INFO - [2024-09-14T05:33:23.775+0000] {dag.py:3211} INFO - Sync 1 DAGs
[2024-09-14T05:33:23.793+0000] {logging_mixin.py:190} INFO - [2024-09-14T05:33:23.793+0000] {dag.py:4138} INFO - Setting next_dagrun for s3_to_kafka_v4 to None, run_after=None
[2024-09-14T05:33:23.814+0000] {processor.py:208} INFO - Processing /opt/airflow/dags/newEcomDag.py took 0.211 seconds
[2024-09-14T05:33:54.003+0000] {processor.py:186} INFO - Started process (PID=21265) to work on /opt/airflow/dags/newEcomDag.py
[2024-09-14T05:33:54.004+0000] {processor.py:914} INFO - Processing file /opt/airflow/dags/newEcomDag.py for tasks to queue
[2024-09-14T05:33:54.007+0000] {logging_mixin.py:190} INFO - [2024-09-14T05:33:54.007+0000] {dagbag.py:587} INFO - Filling up the DagBag from /opt/airflow/dags/newEcomDag.py
[2024-09-14T05:33:54.128+0000] {processor.py:925} INFO - DAG(s) 's3_to_kafka_v4' retrieved from /opt/airflow/dags/newEcomDag.py
[2024-09-14T05:33:54.160+0000] {logging_mixin.py:190} INFO - [2024-09-14T05:33:54.159+0000] {dag.py:3211} INFO - Sync 1 DAGs
[2024-09-14T05:33:54.180+0000] {logging_mixin.py:190} INFO - [2024-09-14T05:33:54.180+0000] {dag.py:4138} INFO - Setting next_dagrun for s3_to_kafka_v4 to None, run_after=None
[2024-09-14T05:33:54.205+0000] {processor.py:208} INFO - Processing /opt/airflow/dags/newEcomDag.py took 0.216 seconds
